\BOOKMARK [1][-]{section.1}{Area of Interest}{}% 1
\BOOKMARK [1][-]{section.2}{Technical Skills}{}% 2
\BOOKMARK [2][-]{subsection.2.1}{Work Flow}{section.2}% 3
\BOOKMARK [2][-]{subsection.2.2}{Languages}{section.2}% 4
\BOOKMARK [3][-]{subsubsection.2.2.1}{Programming}{subsection.2.2}% 5
\BOOKMARK [3][-]{subsubsection.2.2.2}{Markup}{subsection.2.2}% 6
\BOOKMARK [3][-]{subsubsection.2.2.3}{Scripting}{subsection.2.2}% 7
\BOOKMARK [2][-]{subsection.2.3}{Other}{section.2}% 8
\BOOKMARK [2][-]{subsection.2.4}{Multimedia}{section.2}% 9
\BOOKMARK [3][-]{subsubsection.2.4.1}{Image}{subsection.2.4}% 10
\BOOKMARK [3][-]{subsubsection.2.4.2}{Audio}{subsection.2.4}% 11
\BOOKMARK [3][-]{subsubsection.2.4.3}{Video}{subsection.2.4}% 12
\BOOKMARK [1][-]{section.3}{Projects}{}% 13
\BOOKMARK [2][-]{subsection.3.1}{The\137Truth\137Machine \(2019-present\)}{section.3}% 14
\BOOKMARK [3][-]{subsubsection.3.1.1}{Objective}{subsection.3.1}% 15
\BOOKMARK [3][-]{subsubsection.3.1.2}{Status}{subsection.3.1}% 16
\BOOKMARK [3][-]{subsubsection.3.1.3}{Guide}{subsection.3.1}% 17
\BOOKMARK [3][-]{subsubsection.3.1.4}{Language/Sofware used}{subsection.3.1}% 18
\BOOKMARK [2][-]{subsection.3.2}{Agro\137GIS \(2019\)}{section.3}% 19
\BOOKMARK [3][-]{subsubsection.3.2.1}{Objective}{subsection.3.2}% 20
\BOOKMARK [3][-]{subsubsection.3.2.2}{Status}{subsection.3.2}% 21
\BOOKMARK [3][-]{subsubsection.3.2.3}{Guide}{subsection.3.2}% 22
\BOOKMARK [3][-]{subsubsection.3.2.4}{Language/Sofware used}{subsection.3.2}% 23
\BOOKMARK [2][-]{subsection.3.3}{Computer Vision \(2018\)}{section.3}% 24
\BOOKMARK [3][-]{subsubsection.3.3.1}{Objective}{subsection.3.3}% 25
\BOOKMARK [3][-]{subsubsection.3.3.2}{Status}{subsection.3.3}% 26
\BOOKMARK [3][-]{subsubsection.3.3.3}{Guide}{subsection.3.3}% 27
\BOOKMARK [3][-]{subsubsection.3.3.4}{Language/Sofware used}{subsection.3.3}% 28
\BOOKMARK [2][-]{subsection.3.4}{RobBot \(2018-present\)}{section.3}% 29
\BOOKMARK [3][-]{subsubsection.3.4.1}{Objective}{subsection.3.4}% 30
\BOOKMARK [3][-]{subsubsection.3.4.2}{Status}{subsection.3.4}% 31
\BOOKMARK [3][-]{subsubsection.3.4.3}{Guide}{subsection.3.4}% 32
\BOOKMARK [3][-]{subsubsection.3.4.4}{Language/Sofware used}{subsection.3.4}% 33
\BOOKMARK [2][-]{subsection.3.5}{Fault Analysis on mCrypton \046 SEA}{section.3}% 34
\BOOKMARK [3][-]{subsubsection.3.5.1}{Objective}{subsection.3.5}% 35
\BOOKMARK [3][-]{subsubsection.3.5.2}{Status}{subsection.3.5}% 36
\BOOKMARK [3][-]{subsubsection.3.5.3}{Guide}{subsection.3.5}% 37
\BOOKMARK [3][-]{subsubsection.3.5.4}{Language/Sofware used}{subsection.3.5}% 38
\BOOKMARK [2][-]{subsection.3.6}{Software design \046 Analysis of Micro Rain Rader \(2016-'17\)}{section.3}% 39
\BOOKMARK [3][-]{subsubsection.3.6.1}{Status}{subsection.3.6}% 40
\BOOKMARK [3][-]{subsubsection.3.6.2}{Language/Sofware used}{subsection.3.6}% 41
\BOOKMARK [2][-]{subsection.3.7}{Scientific Calculator \(2016-'17\)}{section.3}% 42
\BOOKMARK [3][-]{subsubsection.3.7.1}{Status}{subsection.3.7}% 43
\BOOKMARK [3][-]{subsubsection.3.7.2}{Language/Sofware used}{subsection.3.7}% 44
\BOOKMARK [1][-]{section.4}{Education}{}% 45
\BOOKMARK [2][-]{subsection.4.1}{Bachelor of Technology \(2015-present\)}{section.4}% 46
\BOOKMARK [3][-]{subsubsection.4.1.1}{Gov.}{subsection.4.1}% 47
\BOOKMARK [3][-]{subsubsection.4.1.2}{Collage}{subsection.4.1}% 48
\BOOKMARK [3][-]{subsubsection.4.1.3}{Semester I\(SGPA\)}{subsection.4.1}% 49
\BOOKMARK [3][-]{subsubsection.4.1.4}{Semester II\(SGPA\)}{subsection.4.1}% 50
\BOOKMARK [3][-]{subsubsection.4.1.5}{Semester III\(SGPA\)}{subsection.4.1}% 51
\BOOKMARK [3][-]{subsubsection.4.1.6}{Semester IV\(SGPA\)}{subsection.4.1}% 52
\BOOKMARK [3][-]{subsubsection.4.1.7}{Semester V\(SGPA\)}{subsection.4.1}% 53
\BOOKMARK [2][-]{subsection.4.2}{Higher Secondary Examination \(2013-'15\)}{section.4}% 54
\BOOKMARK [3][-]{subsubsection.4.2.1}{Gov.}{subsection.4.2}% 55
\BOOKMARK [3][-]{subsubsection.4.2.2}{School}{subsection.4.2}% 56
\BOOKMARK [3][-]{subsubsection.4.2.3}{Final Marks\(\045\)}{subsection.4.2}% 57
\BOOKMARK [2][-]{subsection.4.3}{Secondary Examination \(2007-'15\)}{section.4}% 58
\BOOKMARK [3][-]{subsubsection.4.3.1}{Gov.}{subsection.4.3}% 59
\BOOKMARK [3][-]{subsubsection.4.3.2}{School}{subsection.4.3}% 60
\BOOKMARK [3][-]{subsubsection.4.3.3}{Final Marks\(\045\)}{subsection.4.3}% 61
\BOOKMARK [1][-]{section.5}{Work Experience}{}% 62
\BOOKMARK [1][-]{section.6}{Achievements}{}% 63
\BOOKMARK [1][-]{section.7}{Interests \046 Hobbies}{}% 64
\BOOKMARK [2][-]{subsection.7.1}{Reading}{section.7}% 65
\BOOKMARK [2][-]{subsection.7.2}{Solving}{section.7}% 66
\BOOKMARK [2][-]{subsection.7.3}{Games}{section.7}% 67
\BOOKMARK [3][-]{subsubsection.7.3.1}{Physical}{subsection.7.3}% 68
\BOOKMARK [3][-]{subsubsection.7.3.2}{Logical}{subsection.7.3}% 69
\BOOKMARK [2][-]{subsection.7.4}{Designing}{section.7}% 70
\BOOKMARK [1][-]{section.8}{Personal Details}{}% 71
\BOOKMARK [1][-]{section.9}{Profiles}{}% 72
\BOOKMARK [2][-]{subsection.9.1}{Programming}{section.9}% 73
\BOOKMARK [3][-]{subsubsection.9.1.1}{GitHub}{subsection.9.1}% 74
\BOOKMARK [2][-]{subsection.9.2}{Social}{section.9}% 75
\BOOKMARK [3][-]{subsubsection.9.2.1}{Twitter}{subsection.9.2}% 76
\BOOKMARK [3][-]{subsubsection.9.2.2}{Linkedin}{subsection.9.2}% 77
\BOOKMARK [1][-]{section.10}{References}{}% 78
\BOOKMARK [2][-]{subsection.10.1}{Dr. Hafizul Islam}{section.10}% 79
\BOOKMARK [2][-]{subsection.10.2}{Dr. Imon Mukherjee}{section.10}% 80
